[debug] [2024-10-05T10:28:05.460Z] ----------------------------------------------------------------------
[debug] [2024-10-05T10:28:05.461Z] Command:       /Users/amogh/.nvm/versions/node/v18.20.3/bin/node /Users/amogh/.nvm/versions/node/v18.20.3/bin/firebase init
[debug] [2024-10-05T10:28:05.461Z] CLI Version:   13.20.2
[debug] [2024-10-05T10:28:05.462Z] Platform:      darwin
[debug] [2024-10-05T10:28:05.462Z] Node Version:  v18.20.3
[debug] [2024-10-05T10:28:05.462Z] Time:          Sat Oct 05 2024 15:58:05 GMT+0530 (India Standard Time)
[debug] [2024-10-05T10:28:05.462Z] ----------------------------------------------------------------------
[debug] 
[debug] [2024-10-05T10:28:05.465Z] > command requires scopes: ["email","openid","https://www.googleapis.com/auth/cloudplatformprojects.readonly","https://www.googleapis.com/auth/firebase","https://www.googleapis.com/auth/cloud-platform"]
[debug] [2024-10-05T10:28:05.466Z] > authorizing via signed-in user (indiebhindi13@gmail.com)
[info] 
     ######## #### ########  ######## ########     ###     ######  ########
     ##        ##  ##     ## ##       ##     ##  ##   ##  ##       ##
     ######    ##  ########  ######   ########  #########  ######  ######
     ##        ##  ##    ##  ##       ##     ## ##     ##       ## ##
     ##       #### ##     ## ######## ########  ##     ##  ######  ########

You're about to initialize a Firebase project in this directory:

  /Users/amogh/coding/attn

[info] 
=== Project Setup
[info] 
[info] First, let's associate this project directory with a Firebase project.
[info] You can create multiple project aliases by running firebase use --add, 
[info] but for now we'll just set up a default project.
[info] 
[debug] [2024-10-05T10:28:11.314Z] Checked if tokens are valid: false, expires at: 1728051035139
[debug] [2024-10-05T10:28:11.314Z] Checked if tokens are valid: false, expires at: 1728051035139
[debug] [2024-10-05T10:28:11.315Z] > refreshing access token with scopes: []
[debug] [2024-10-05T10:28:11.317Z] >>> [apiv2][query] POST https://www.googleapis.com/oauth2/v3/token [none]
[debug] [2024-10-05T10:28:11.317Z] >>> [apiv2][body] POST https://www.googleapis.com/oauth2/v3/token [omitted]
[debug] [2024-10-05T10:28:11.537Z] <<< [apiv2][status] POST https://www.googleapis.com/oauth2/v3/token 200
[debug] [2024-10-05T10:28:11.537Z] <<< [apiv2][body] POST https://www.googleapis.com/oauth2/v3/token [omitted]
[debug] [2024-10-05T10:28:11.555Z] >>> [apiv2][query] GET https://firebase.googleapis.com/v1beta1/projects pageSize=100
[debug] [2024-10-05T10:28:12.524Z] <<< [apiv2][status] GET https://firebase.googleapis.com/v1beta1/projects 200
[debug] [2024-10-05T10:28:12.524Z] <<< [apiv2][body] GET https://firebase.googleapis.com/v1beta1/projects [omitted]
[info] i  Using project attn-edbd6 (attn) 
[info] 
=== Hosting Setup
[debug] [2024-10-05T10:28:13.715Z] Checked if tokens are valid: true, expires at: 1728127690537
[debug] [2024-10-05T10:28:13.716Z] Checked if tokens are valid: true, expires at: 1728127690537
[debug] [2024-10-05T10:28:13.716Z] >>> [apiv2][query] GET https://firebase.googleapis.com/v1beta1/projects/attn-edbd6 [none]
[debug] [2024-10-05T10:28:14.181Z] <<< [apiv2][status] GET https://firebase.googleapis.com/v1beta1/projects/attn-edbd6 200
[debug] [2024-10-05T10:28:14.181Z] <<< [apiv2][body] GET https://firebase.googleapis.com/v1beta1/projects/attn-edbd6 {"projectId":"attn-edbd6","projectNumber":"108552468398","displayName":"attn","name":"projects/attn-edbd6","resources":{"hostingSite":"attn-edbd6"},"state":"ACTIVE","etag":"1_4ef31a11-1134-441d-b87c-1871f7aac530"}
[info] 
[info] Your public directory is the folder (relative to your project directory) that
[info] will contain Hosting assets to be uploaded with firebase deploy. If you
[info] have a build process for your assets, use your build's output directory.
[info] 
